# JRE version: OpenJDK Runtime Environment (11.0.6+10) (build 11.0.6+10-post-Ubuntu-1ubuntu118.04.1)
# Java VM: OpenJDK 64-Bit Server VM (11.0.6+10-post-Ubuntu-1ubuntu118.04.1, mixed mode, sharing, tiered, compressed oops, serial gc, linux-amd64)
Heap:
 def new generation   total 19712K, used 13433K [0x00000000e0c00000, 0x00000000e2160000, 0x00000000eb2a0000)
  eden space 17536K,  64% used [0x00000000e0c00000, 0x00000000e16fe5c0, 0x00000000e1d20000)
  from space 2176K, 100% used [0x00000000e1f40000, 0x00000000e2160000, 0x00000000e2160000)
  to   space 2176K,   0% used [0x00000000e1d20000, 0x00000000e1d20000, 0x00000000e1f40000)
 tenured generation   total 43648K, used 38835K [0x00000000eb2a0000, 0x00000000edd40000, 0x0000000100000000)
   the space 43648K,  88% used [0x00000000eb2a0000, 0x00000000ed88ce90, 0x00000000ed88d000, 0x00000000edd40000)
 Metaspace       used 32049K, capacity 32828K, committed 33152K, reserved 1079296K
  class space    used 3668K, capacity 3936K, committed 3968K, reserved 1048576K
GC Heap History (20 events):
Event: 5.883 GC heap before
{Heap before GC invocations=29 (full 1):
 def new generation   total 11648K, used 10966K [0x00000000e0c00000, 0x00000000e18a0000, 0x00000000eb2a0000)
  eden space 10368K, 100% used [0x00000000e0c00000, 0x00000000e1620000, 0x00000000e1620000)
  from space 1280K,  46% used [0x00000000e1620000, 0x00000000e16b59d8, 0x00000000e1760000)
  to   space 1280K,   0% used [0x00000000e1760000, 0x00000000e1760000, 0x00000000e18a0000)
 tenured generation   total 25804K, used 25113K [0x00000000eb2a0000, 0x00000000ecbd3000, 0x0000000100000000)
   the space 25804K,  97% used [0x00000000eb2a0000, 0x00000000ecb26550, 0x00000000ecb26600, 0x00000000ecbd3000)
 Metaspace       used 23997K, capacity 24584K, committed 24960K, reserved 1071104K
  class space    used 2725K, capacity 2930K, committed 2944K, reserved 1048576K
}
Event: 5.894 GC heap after
{Heap after GC invocations=30 (full 1):
 def new generation   total 11648K, used 1029K [0x00000000e0c00000, 0x00000000e18a0000, 0x00000000eb2a0000)
  eden space 10368K,   0% used [0x00000000e0c00000, 0x00000000e0c00000, 0x00000000e1620000)
  from space 1280K,  80% used [0x00000000e1760000, 0x00000000e1861550, 0x00000000e18a0000)
  to   space 1280K,   0% used [0x00000000e1620000, 0x00000000e1620000, 0x00000000e1760000)
 tenured generation   total 25804K, used 25113K [0x00000000eb2a0000, 0x00000000ecbd3000, 0x0000000100000000)
   the space 25804K,  97% used [0x00000000eb2a0000, 0x00000000ecb26550, 0x00000000ecb26600, 0x00000000ecbd3000)
 Metaspace       used 23997K, capacity 24584K, committed 24960K, reserved 1071104K
  class space    used 2725K, capacity 2930K, committed 2944K, reserved 1048576K
}
Event: 6.006 GC heap before
{Heap before GC invocations=30 (full 1):
 def new generation   total 11648K, used 11397K [0x00000000e0c00000, 0x00000000e18a0000, 0x00000000eb2a0000)
  eden space 10368K, 100% used [0x00000000e0c00000, 0x00000000e1620000, 0x00000000e1620000)
  from space 1280K,  80% used [0x00000000e1760000, 0x00000000e1861550, 0x00000000e18a0000)
  to   space 1280K,   0% used [0x00000000e1620000, 0x00000000e1620000, 0x00000000e1760000)
 tenured generation   total 25804K, used 25113K [0x00000000eb2a0000, 0x00000000ecbd3000, 0x0000000100000000)
   the space 25804K,  97% used [0x00000000eb2a0000, 0x00000000ecb26550, 0x00000000ecb26600, 0x00000000ecbd3000)
 Metaspace       used 24056K, capacity 24648K, committed 24960K, reserved 1071104K
  class space    used 2726K, capacity 2930K, committed 2944K, reserved 1048576K
}
Event: 6.208 GC heap after
{Heap after GC invocations=31 (full 1):
 def new generation   total 11648K, used 1022K [0x00000000e0c00000, 0x00000000e18a0000, 0x00000000eb2a0000)
  eden space 10368K,   0% used [0x00000000e0c00000, 0x00000000e0c00000, 0x00000000e1620000)
  from space 1280K,  79% used [0x00000000e1620000, 0x00000000e171f918, 0x00000000e1760000)
  to   space 1280K,   0% used [0x00000000e1760000, 0x00000000e1760000, 0x00000000e18a0000)
 tenured generation   total 25804K, used 25514K [0x00000000eb2a0000, 0x00000000ecbd3000, 0x0000000100000000)
   the space 25804K,  98% used [0x00000000eb2a0000, 0x00000000ecb8a9c0, 0x00000000ecb8aa00, 0x00000000ecbd3000)
 Metaspace       used 24056K, capacity 24648K, committed 24960K, reserved 1071104K
  class space    used 2726K, capacity 2930K, committed 2944K, reserved 1048576K
}
Event: 6.707 GC heap before
{Heap before GC invocations=31 (full 1):
 def new generation   total 11648K, used 11390K [0x00000000e0c00000, 0x00000000e18a0000, 0x00000000eb2a0000)
  eden space 10368K, 100% used [0x00000000e0c00000, 0x00000000e1620000, 0x00000000e1620000)
  from space 1280K,  79% used [0x00000000e1620000, 0x00000000e171f918, 0x00000000e1760000)
  to   space 1280K,   0% used [0x00000000e1760000, 0x00000000e1760000, 0x00000000e18a0000)
 tenured generation   total 25804K, used 25514K [0x00000000eb2a0000, 0x00000000ecbd3000, 0x0000000100000000)
   the space 25804K,  98% used [0x00000000eb2a0000, 0x00000000ecb8a9c0, 0x00000000ecb8aa00, 0x00000000ecbd3000)
 Metaspace       used 24364K, capacity 24969K, committed 25344K, reserved 1071104K
  class space    used 2752K, capacity 2973K, committed 3072K, reserved 1048576K
}
Event: 6.783 GC heap after
{Heap after GC invocations=32 (full 2):
 def new generation   total 19712K, used 498K [0x00000000e0c00000, 0x00000000e2160000, 0x00000000eb2a0000)
  eden space 17536K,   2% used [0x00000000e0c00000, 0x00000000e0c7c980, 0x00000000e1d20000)
  from space 2176K,   0% used [0x00000000e1d20000, 0x00000000e1d20000, 0x00000000e1f40000)
  to   space 2176K,   0% used [0x00000000e1f40000, 0x00000000e1f40000, 0x00000000e2160000)
 tenured generation   total 43648K, used 26187K [0x00000000eb2a0000, 0x00000000edd40000, 0x0000000100000000)
   the space 43648K,  59% used [0x00000000eb2a0000, 0x00000000ecc32fe8, 0x00000000ecc33000, 0x00000000edd40000)
 Metaspace       used 24364K, capacity 24969K, committed 25344K, reserved 1071104K
  class space    used 2752K, capacity 2973K, committed 3072K, reserved 1048576K
}
Event: 7.291 GC heap before
{Heap before GC invocations=32 (full 2):
 def new generation   total 19712K, used 17524K [0x00000000e0c00000, 0x00000000e2160000, 0x00000000eb2a0000)
  eden space 17536K,  99% used [0x00000000e0c00000, 0x00000000e1d1d2b8, 0x00000000e1d20000)
  from space 2176K,   0% used [0x00000000e1d20000, 0x00000000e1d20000, 0x00000000e1f40000)
  to   space 2176K,   0% used [0x00000000e1f40000, 0x00000000e1f40000, 0x00000000e2160000)
 tenured generation   total 43648K, used 26187K [0x00000000eb2a0000, 0x00000000edd40000, 0x0000000100000000)
   the space 43648K,  59% used [0x00000000eb2a0000, 0x00000000ecc32fe8, 0x00000000ecc33000, 0x00000000edd40000)
 Metaspace       used 26101K, capacity 26781K, committed 27008K, reserved 1073152K
  class space    used 2959K, capacity 3152K, committed 3200K, reserved 1048576K
}
Event: 7.310 GC heap after
{Heap after GC invocations=33 (full 2):
 def new generation   total 19712K, used 1607K [0x00000000e0c00000, 0x00000000e2160000, 0x00000000eb2a0000)
  eden space 17536K,   0% used [0x00000000e0c00000, 0x00000000e0c00000, 0x00000000e1d20000)
  from space 2176K,  73% used [0x00000000e1f40000, 0x00000000e20d1c40, 0x00000000e2160000)
  to   space 2176K,   0% used [0x00000000e1d20000, 0x00000000e1d20000, 0x00000000e1f40000)
 tenured generation   total 43648K, used 26187K [0x00000000eb2a0000, 0x00000000edd40000, 0x0000000100000000)
   the space 43648K,  59% used [0x00000000eb2a0000, 0x00000000ecc32fe8, 0x00000000ecc33000, 0x00000000edd40000)
 Metaspace       used 26101K, capacity 26781K, committed 27008K, reserved 1073152K
  class space    used 2959K, capacity 3152K, committed 3200K, reserved 1048576K
}
Event: 7.317 GC heap before
{Heap before GC invocations=33 (full 2):
 def new generation   total 19712K, used 19137K [0x00000000e0c00000, 0x00000000e2160000, 0x00000000eb2a0000)
  eden space 17536K,  99% used [0x00000000e0c00000, 0x00000000e1d1e9b0, 0x00000000e1d20000)
  from space 2176K,  73% used [0x00000000e1f40000, 0x00000000e20d1c40, 0x00000000e2160000)
  to   space 2176K,   0% used [0x00000000e1d20000, 0x00000000e1d20000, 0x00000000e1f40000)
 tenured generation   total 43648K, used 26187K [0x00000000eb2a0000, 0x00000000edd40000, 0x0000000100000000)
   the space 43648K,  59% used [0x00000000eb2a0000, 0x00000000ecc32fe8, 0x00000000ecc33000, 0x00000000edd40000)
 Metaspace       used 26101K, capacity 26781K, committed 27008K, reserved 1073152K
  class space    used 2959K, capacity 3152K, committed 3200K, reserved 1048576K
}
Event: 7.322 GC heap after
{Heap after GC invocations=34 (full 2):
 def new generation   total 19712K, used 60K [0x00000000e0c00000, 0x00000000e2160000, 0x00000000eb2a0000)
  eden space 17536K,   0% used [0x00000000e0c00000, 0x00000000e0c00000, 0x00000000e1d20000)
  from space 2176K,   2% used [0x00000000e1d20000, 0x00000000e1d2f368, 0x00000000e1f40000)
  to   space 2176K,   0% used [0x00000000e1f40000, 0x00000000e1f40000, 0x00000000e2160000)
 tenured generation   total 43648K, used 27756K [0x00000000eb2a0000, 0x00000000edd40000, 0x0000000100000000)
   the space 43648K,  63% used [0x00000000eb2a0000, 0x00000000ecdbb238, 0x00000000ecdbb400, 0x00000000edd40000)
 Metaspace       used 26101K, capacity 26781K, committed 27008K, reserved 1073152K
  class space    used 2959K, capacity 3152K, committed 3200K, reserved 1048576K
}
Event: 11.637 GC heap before
{Heap before GC invocations=34 (full 2):
 def new generation   total 19712K, used 17596K [0x00000000e0c00000, 0x00000000e2160000, 0x00000000eb2a0000)
  eden space 17536K, 100% used [0x00000000e0c00000, 0x00000000e1d20000, 0x00000000e1d20000)
  from space 2176K,   2% used [0x00000000e1d20000, 0x00000000e1d2f368, 0x00000000e1f40000)
  to   space 2176K,   0% used [0x00000000e1f40000, 0x00000000e1f40000, 0x00000000e2160000)
 tenured generation   total 43648K, used 27756K [0x00000000eb2a0000, 0x00000000edd40000, 0x0000000100000000)
   the space 43648K,  63% used [0x00000000eb2a0000, 0x00000000ecdbb238, 0x00000000ecdbb400, 0x00000000edd40000)
 Metaspace       used 30641K, capacity 31359K, committed 31744K, reserved 1077248K
  class space    used 3540K, capacity 3788K, committed 3840K, reserved 1048576K
}
Event: 11.669 GC heap after
{Heap after GC invocations=35 (full 2):
 def new generation   total 19712K, used 2176K [0x00000000e0c00000, 0x00000000e2160000, 0x00000000eb2a0000)
  eden space 17536K,   0% used [0x00000000e0c00000, 0x00000000e0c00000, 0x00000000e1d20000)
  from space 2176K, 100% used [0x00000000e1f40000, 0x00000000e2160000, 0x00000000e2160000)
  to   space 2176K,   0% used [0x00000000e1d20000, 0x00000000e1d20000, 0x00000000e1f40000)
 tenured generation   total 43648K, used 29787K [0x00000000eb2a0000, 0x00000000edd40000, 0x0000000100000000)
   the space 43648K,  68% used [0x00000000eb2a0000, 0x00000000ecfb6dd0, 0x00000000ecfb6e00, 0x00000000edd40000)
 Metaspace       used 30641K, capacity 31359K, committed 31744K, reserved 1077248K
  class space    used 3540K, capacity 3788K, committed 3840K, reserved 1048576K
}
Event: 18.980 GC heap before
{Heap before GC invocations=35 (full 2):
 def new generation   total 19712K, used 19702K [0x00000000e0c00000, 0x00000000e2160000, 0x00000000eb2a0000)
  eden space 17536K,  99% used [0x00000000e0c00000, 0x00000000e1d1dab8, 0x00000000e1d20000)
  from space 2176K, 100% used [0x00000000e1f40000, 0x00000000e2160000, 0x00000000e2160000)
  to   space 2176K,   0% used [0x00000000e1d20000, 0x00000000e1d20000, 0x00000000e1f40000)
 tenured generation   total 43648K, used 29787K [0x00000000eb2a0000, 0x00000000edd40000, 0x0000000100000000)
   the space 43648K,  68% used [0x00000000eb2a0000, 0x00000000ecfb6dd0, 0x00000000ecfb6e00, 0x00000000edd40000)
 Metaspace       used 31535K, capacity 32299K, committed 32640K, reserved 1077248K
  class space    used 3616K, capacity 3867K, committed 3968K, reserved 1048576K
}
Event: 19.003 GC heap after
{Heap after GC invocations=36 (full 2):
 def new generation   total 19712K, used 2176K [0x00000000e0c00000, 0x00000000e2160000, 0x00000000eb2a0000)
  eden space 17536K,   0% used [0x00000000e0c00000, 0x00000000e0c00000, 0x00000000e1d20000)
  from space 2176K, 100% used [0x00000000e1d20000, 0x00000000e1f40000, 0x00000000e1f40000)
  to   space 2176K,   0% used [0x00000000e1f40000, 0x00000000e1f40000, 0x00000000e2160000)
 tenured generation   total 43648K, used 32907K [0x00000000eb2a0000, 0x00000000edd40000, 0x0000000100000000)
   the space 43648K,  75% used [0x00000000eb2a0000, 0x00000000ed2c2ff8, 0x00000000ed2c3000, 0x00000000edd40000)
 Metaspace       used 31535K, capacity 32299K, committed 32640K, reserved 1077248K
  class space    used 3616K, capacity 3867K, committed 3968K, reserved 1048576K
}
Event: 19.011 GC heap before
{Heap before GC invocations=36 (full 2):
 def new generation   total 19712K, used 19707K [0x00000000e0c00000, 0x00000000e2160000, 0x00000000eb2a0000)
  eden space 17536K,  99% used [0x00000000e0c00000, 0x00000000e1d1ec98, 0x00000000e1d20000)
  from space 2176K, 100% used [0x00000000e1d20000, 0x00000000e1f40000, 0x00000000e1f40000)
  to   space 2176K,   0% used [0x00000000e1f40000, 0x00000000e1f40000, 0x00000000e2160000)
 tenured generation   total 43648K, used 32907K [0x00000000eb2a0000, 0x00000000edd40000, 0x0000000100000000)
   the space 43648K,  75% used [0x00000000eb2a0000, 0x00000000ed2c2ff8, 0x00000000ed2c3000, 0x00000000edd40000)
 Metaspace       used 31535K, capacity 32299K, committed 32640K, reserved 1077248K
  class space    used 3616K, capacity 3867K, committed 3968K, reserved 1048576K
}
Event: 19.021 GC heap after
{Heap after GC invocations=37 (full 2):
 def new generation   total 19712K, used 56K [0x00000000e0c00000, 0x00000000e2160000, 0x00000000eb2a0000)
  eden space 17536K,   0% used [0x00000000e0c00000, 0x00000000e0c00000, 0x00000000e1d20000)
  from space 2176K,   2% used [0x00000000e1f40000, 0x00000000e1f4e338, 0x00000000e2160000)
  to   space 2176K,   0% used [0x00000000e1d20000, 0x00000000e1d20000, 0x00000000e1f40000)
 tenured generation   total 43648K, used 35054K [0x00000000eb2a0000, 0x00000000edd40000, 0x0000000100000000)
   the space 43648K,  80% used [0x00000000eb2a0000, 0x00000000ed4db9e8, 0x00000000ed4dba00, 0x00000000edd40000)
 Metaspace       used 31535K, capacity 32299K, committed 32640K, reserved 1077248K
  class space    used 3616K, capacity 3867K, committed 3968K, reserved 1048576K
}
Event: 21.956 GC heap before
{Heap before GC invocations=37 (full 2):
 def new generation   total 19712K, used 17592K [0x00000000e0c00000, 0x00000000e2160000, 0x00000000eb2a0000)
  eden space 17536K, 100% used [0x00000000e0c00000, 0x00000000e1d20000, 0x00000000e1d20000)
  from space 2176K,   2% used [0x00000000e1f40000, 0x00000000e1f4e338, 0x00000000e2160000)
  to   space 2176K,   0% used [0x00000000e1d20000, 0x00000000e1d20000, 0x00000000e1f40000)
 tenured generation   total 43648K, used 35054K [0x00000000eb2a0000, 0x00000000edd40000, 0x0000000100000000)
   the space 43648K,  80% used [0x00000000eb2a0000, 0x00000000ed4db9e8, 0x00000000ed4dba00, 0x00000000edd40000)
 Metaspace       used 31565K, capacity 32306K, committed 32640K, reserved 1077248K
  class space    used 3617K, capacity 3869K, committed 3968K, reserved 1048576K
}
Event: 21.971 GC heap after
{Heap after GC invocations=38 (full 2):
 def new generation   total 19712K, used 1841K [0x00000000e0c00000, 0x00000000e2160000, 0x00000000eb2a0000)
  eden space 17536K,   0% used [0x00000000e0c00000, 0x00000000e0c00000, 0x00000000e1d20000)
  from space 2176K,  84% used [0x00000000e1d20000, 0x00000000e1eec598, 0x00000000e1f40000)
  to   space 2176K,   0% used [0x00000000e1f40000, 0x00000000e1f40000, 0x00000000e2160000)
 tenured generation   total 43648K, used 35054K [0x00000000eb2a0000, 0x00000000edd40000, 0x0000000100000000)
   the space 43648K,  80% used [0x00000000eb2a0000, 0x00000000ed4db9e8, 0x00000000ed4dba00, 0x00000000edd40000)
 Metaspace       used 31565K, capacity 32306K, committed 32640K, reserved 1077248K
  class space    used 3617K, capacity 3869K, committed 3968K, reserved 1048576K
}
Event: 23.577 GC heap before
{Heap before GC invocations=38 (full 2):
 def new generation   total 19712K, used 19377K [0x00000000e0c00000, 0x00000000e2160000, 0x00000000eb2a0000)
  eden space 17536K, 100% used [0x00000000e0c00000, 0x00000000e1d20000, 0x00000000e1d20000)
  from space 2176K,  84% used [0x00000000e1d20000, 0x00000000e1eec598, 0x00000000e1f40000)
  to   space 2176K,   0% used [0x00000000e1f40000, 0x00000000e1f40000, 0x00000000e2160000)
 tenured generation   total 43648K, used 35054K [0x00000000eb2a0000, 0x00000000edd40000, 0x0000000100000000)
   the space 43648K,  80% used [0x00000000eb2a0000, 0x00000000ed4db9e8, 0x00000000ed4dba00, 0x00000000edd40000)
 Metaspace       used 31808K, capacity 32605K, committed 32896K, reserved 1079296K
  class space    used 3641K, capacity 3884K, committed 3968K, reserved 1048576K
}
Event: 23.605 GC heap after
{Heap after GC invocations=39 (full 2):
 def new generation   total 19712K, used 2176K [0x00000000e0c00000, 0x00000000e2160000, 0x00000000eb2a0000)
  eden space 17536K,   0% used [0x00000000e0c00000, 0x00000000e0c00000, 0x00000000e1d20000)
  from space 2176K, 100% used [0x00000000e1f40000, 0x00000000e2160000, 0x00000000e2160000)
  to   space 2176K,   0% used [0x00000000e1d20000, 0x00000000e1d20000, 0x00000000e1f40000)
 tenured generation   total 43648K, used 38835K [0x00000000eb2a0000, 0x00000000edd40000, 0x0000000100000000)
   the space 43648K,  88% used [0x00000000eb2a0000, 0x00000000ed88ce90, 0x00000000ed88d000, 0x00000000edd40000)
 Metaspace       used 31808K, capacity 32605K, committed 32896K, reserved 1079296K
  class space    used 3641K, capacity 3884K, committed 3968K, reserved 1048576K
}

